2019-08-11 09:42:24,010 ERROR 10824 nodejs.ClusterClientNoResponseError: client no response in 1184200ms exceeding maxIdleTime 60000ms, maybe the connection is close on other side.
    at Timeout._onTimeout (/Users/cvter/Desktop/enow-new-cloud/node_modules/cluster-client/lib/leader.js:77:23)
    at listOnTimeout (internal/timers.js:531:17)
    at processTimers (internal/timers.js:475:7)
name: "ClusterClientNoResponseError"
pid: 10824
hostname: cvterdeMacBook-Pro.local

2019-08-11 17:09:19,746 ERROR 2576 nodejs.ClusterClientNoResponseError: client no response in 912840ms exceeding maxIdleTime 60000ms, maybe the connection is close on other side.
    at Timeout._onTimeout (/Users/cvter/Desktop/enow-new-cloud/node_modules/cluster-client/lib/leader.js:77:23)
    at listOnTimeout (internal/timers.js:531:17)
    at processTimers (internal/timers.js:475:7)
name: "ClusterClientNoResponseError"
pid: 2576
hostname: cvterdeMacBook-Pro.local

2019-08-11 17:24:56,004 ERROR 2576 nodejs.ClusterClientNoResponseError: client no response in 916237ms exceeding maxIdleTime 60000ms, maybe the connection is close on other side.
    at Timeout._onTimeout (/Users/cvter/Desktop/enow-new-cloud/node_modules/cluster-client/lib/leader.js:77:23)
    at listOnTimeout (internal/timers.js:531:17)
    at processTimers (internal/timers.js:475:7)
name: "ClusterClientNoResponseError"
pid: 2576
hostname: cvterdeMacBook-Pro.local

2019-08-11 18:00:28,395 ERROR 2576 nodejs.ClusterClientNoResponseError: client no response in 2091911ms exceeding maxIdleTime 60000ms, maybe the connection is close on other side.
    at Timeout._onTimeout (/Users/cvter/Desktop/enow-new-cloud/node_modules/cluster-client/lib/leader.js:77:23)
    at listOnTimeout (internal/timers.js:531:17)
    at processTimers (internal/timers.js:475:7)
name: "ClusterClientNoResponseError"
pid: 2576
hostname: cvterdeMacBook-Pro.local

2019-08-11 19:06:38,734 ERROR 2576 nodejs.ClusterClientNoResponseError: client no response in 3930323ms exceeding maxIdleTime 60000ms, maybe the connection is close on other side.
    at Timeout._onTimeout (/Users/cvter/Desktop/enow-new-cloud/node_modules/cluster-client/lib/leader.js:77:23)
    at listOnTimeout (internal/timers.js:531:17)
    at processTimers (internal/timers.js:475:7)
name: "ClusterClientNoResponseError"
pid: 2576
hostname: cvterdeMacBook-Pro.local

