2019-08-02 09:07:30,405 INFO 37009 [egg:logger] init all loggers with options: {"dir":"/Users/yanguangjie/Desktop/enow-new-cloud/logs","encoding":"utf8","env":"local","level":"INFO","consoleLevel":"DEBUG","disableConsoleAfterReady":false,"outputJSON":false,"buffer":true,"appLogName":"enow-new-cloud-web.log","coreLogName":"egg-web.log","agentLogName":"egg-agent.log","errorLogName":"common-error.log","coreLogger":{"consoleLevel":"WARN"},"allowDebugAtProd":false,"type":"application"}
2019-08-02 09:07:30,431 INFO 37009 [egg-multipart] stream mode enable
2019-08-02 09:07:32,139 INFO 37009 [egg-static] starting static serve /public/ -> /Users/yanguangjie/Desktop/enow-new-cloud/public
2019-08-02 09:07:32,141 INFO 37009 [egg-security] use csrf middleware
2019-08-02 09:07:32,143 INFO 37009 [egg-security] use methodnoallow middleware
2019-08-02 09:07:32,144 INFO 37009 [egg-security] use noopen middleware
2019-08-02 09:07:32,145 INFO 37009 [egg-security] use nosniff middleware
2019-08-02 09:07:32,146 INFO 37009 [egg-security] use xssProtection middleware
2019-08-02 09:07:32,147 INFO 37009 [egg-security] use xframe middleware
2019-08-02 09:07:32,147 INFO 37009 [egg-security] use dta middleware
2019-08-02 09:07:32,148 INFO 37009 [egg-security] compose 7 middlewares into one security middleware
2019-08-02 09:07:32,178 INFO 37009 [egg:core] dump config after load, 4ms
2019-08-02 09:07:32,261 INFO 37009 [egg-watcher:application] watcher start success
2019-08-02 09:07:32,268 INFO 37009 [egg:core] dump config after ready, 5ms
2019-08-02 10:09:48,564 INFO 987 [egg:logger] init all loggers with options: {"dir":"/Users/cvter/Desktop/enow-new-cloud/logs","encoding":"utf8","env":"local","level":"INFO","consoleLevel":"DEBUG","disableConsoleAfterReady":false,"outputJSON":false,"buffer":true,"appLogName":"enow-new-cloud-web.log","coreLogName":"egg-web.log","agentLogName":"egg-agent.log","errorLogName":"common-error.log","coreLogger":{"consoleLevel":"WARN"},"allowDebugAtProd":false,"type":"application"}
2019-08-02 10:09:48,618 INFO 987 [egg-multipart] stream mode enable
2019-08-02 10:09:52,351 INFO 987 [egg-static] starting static serve /public/ -> /Users/cvter/Desktop/enow-new-cloud/public
2019-08-02 10:09:52,354 INFO 987 [egg-security] use csrf middleware
2019-08-02 10:09:52,355 INFO 987 [egg-security] use methodnoallow middleware
2019-08-02 10:09:52,356 INFO 987 [egg-security] use noopen middleware
2019-08-02 10:09:52,357 INFO 987 [egg-security] use nosniff middleware
2019-08-02 10:09:52,358 INFO 987 [egg-security] use xssProtection middleware
2019-08-02 10:09:52,358 INFO 987 [egg-security] use xframe middleware
2019-08-02 10:09:52,359 INFO 987 [egg-security] use dta middleware
2019-08-02 10:09:52,359 INFO 987 [egg-security] compose 7 middlewares into one security middleware
2019-08-02 10:09:52,400 INFO 987 [egg:core] dump config after load, 5ms
2019-08-02 10:09:52,414 INFO 987 [egg-watcher:application] watcher start success
2019-08-02 10:09:52,423 INFO 987 [egg:core] dump config after ready, 6ms
2019-08-02 10:23:12,063 WARN 987 [ClusterClient:Watcher] follower closed, and try to init it again
2019-08-02 13:02:11,705 WARN 987 [ClusterClient:Watcher] follower closed, and try to init it again
2019-08-02 13:59:29,559 WARN 987 [ClusterClient:Watcher] follower closed, and try to init it again
2019-08-02 17:40:32,284 WARN 987 [ClusterClient:Watcher] follower closed, and try to init it again
2019-08-02 18:29:02,583 WARN 987 [ClusterClient:Watcher] follower closed, and try to init it again
2019-08-02 19:14:15,311 WARN 987 [ClusterClient:Watcher] follower closed, and try to init it again
2019-08-02 20:40:33,211 WARN 987 [TCPBase] socket is closed by other side while there were still unhandled data in the socket buffer
2019-08-02 20:40:33,213 WARN 987 [ClusterClient:Watcher] follower closed, and try to init it again
2019-08-02 21:00:41,757 WARN 987 [ClusterClient:Watcher] follower closed, and try to init it again
2019-08-02 21:14:38,497 WARN 987 [ClusterClient:Watcher] follower closed, and try to init it again
2019-08-02 23:40:59,900 WARN 987 [TCPBase] socket is closed by other side while there were still unhandled data in the socket buffer
2019-08-02 23:40:59,900 WARN 987 [ClusterClient:Watcher] follower closed, and try to init it again
2019-08-04 11:00:03,175 WARN 987 [TCPBase] socket is closed by other side while there were still unhandled data in the socket buffer
2019-08-04 11:00:03,184 WARN 987 [ClusterClient:Watcher] follower closed, and try to init it again
2019-08-04 20:57:40,207 WARN 987 [ClusterClient:Watcher] follower closed, and try to init it again
2019-08-05 09:00:10,960 WARN 987 [TCPBase] socket is closed by other side while there were still unhandled data in the socket buffer
2019-08-05 09:00:10,961 WARN 987 [ClusterClient:Watcher] follower closed, and try to init it again
2019-08-05 11:02:46,038 INFO 7322 [egg:logger] init all loggers with options: {"dir":"/Users/cvter/Desktop/enow-new-cloud/logs","encoding":"utf8","env":"local","level":"INFO","consoleLevel":"DEBUG","disableConsoleAfterReady":false,"outputJSON":false,"buffer":true,"appLogName":"enow-new-cloud-web.log","coreLogName":"egg-web.log","agentLogName":"egg-agent.log","errorLogName":"common-error.log","coreLogger":{"consoleLevel":"WARN"},"allowDebugAtProd":false,"type":"application"}
2019-08-05 11:02:46,067 INFO 7322 [egg-multipart] stream mode enable
2019-08-05 11:02:46,145 INFO 7322 [egg-static] starting static serve /public/ -> /Users/cvter/Desktop/enow-new-cloud/public
2019-08-05 11:02:46,148 INFO 7322 [egg-security] use csrf middleware
2019-08-05 11:02:46,149 INFO 7322 [egg-security] use methodnoallow middleware
2019-08-05 11:02:46,149 INFO 7322 [egg-security] use noopen middleware
2019-08-05 11:02:46,150 INFO 7322 [egg-security] use nosniff middleware
2019-08-05 11:02:46,151 INFO 7322 [egg-security] use xssProtection middleware
2019-08-05 11:02:46,152 INFO 7322 [egg-security] use xframe middleware
2019-08-05 11:02:46,152 INFO 7322 [egg-security] use dta middleware
2019-08-05 11:02:46,153 INFO 7322 [egg-security] compose 7 middlewares into one security middleware
2019-08-05 11:02:46,164 INFO 7322 [egg:core] dump config after load, 5ms
2019-08-05 11:02:46,178 INFO 7322 [egg-watcher:application] watcher start success
2019-08-05 11:02:46,186 INFO 7322 [egg:core] dump config after ready, 6ms
2019-08-05 11:04:27,607 INFO 7381 [egg:logger] init all loggers with options: {"dir":"/Users/cvter/Desktop/enow-new-cloud/logs","encoding":"utf8","env":"local","level":"INFO","consoleLevel":"DEBUG","disableConsoleAfterReady":false,"outputJSON":false,"buffer":true,"appLogName":"enow-new-cloud-web.log","coreLogName":"egg-web.log","agentLogName":"egg-agent.log","errorLogName":"common-error.log","coreLogger":{"consoleLevel":"WARN"},"allowDebugAtProd":false,"type":"application"}
2019-08-05 11:04:27,640 INFO 7381 [egg-multipart] stream mode enable
2019-08-05 11:04:27,717 INFO 7381 [egg-static] starting static serve /public/ -> /Users/cvter/Desktop/enow-new-cloud/public
2019-08-05 11:04:27,721 INFO 7381 [egg-security] use csrf middleware
2019-08-05 11:04:27,723 INFO 7381 [egg-security] use methodnoallow middleware
2019-08-05 11:04:27,724 INFO 7381 [egg-security] use noopen middleware
2019-08-05 11:04:27,725 INFO 7381 [egg-security] use nosniff middleware
2019-08-05 11:04:27,726 INFO 7381 [egg-security] use xssProtection middleware
2019-08-05 11:04:27,726 INFO 7381 [egg-security] use xframe middleware
2019-08-05 11:04:27,727 INFO 7381 [egg-security] use dta middleware
2019-08-05 11:04:27,727 INFO 7381 [egg-security] compose 7 middlewares into one security middleware
2019-08-05 11:04:27,740 INFO 7381 [egg:core] dump config after load, 7ms
2019-08-05 11:04:27,758 INFO 7381 [egg-watcher:application] watcher start success
2019-08-05 11:04:27,768 INFO 7381 [egg:core] dump config after ready, 6ms
2019-08-05 11:04:42,085 INFO 7421 [egg:logger] init all loggers with options: {"dir":"/Users/cvter/Desktop/enow-new-cloud/logs","encoding":"utf8","env":"local","level":"INFO","consoleLevel":"DEBUG","disableConsoleAfterReady":false,"outputJSON":false,"buffer":true,"appLogName":"enow-new-cloud-web.log","coreLogName":"egg-web.log","agentLogName":"egg-agent.log","errorLogName":"common-error.log","coreLogger":{"consoleLevel":"WARN"},"allowDebugAtProd":false,"type":"application"}
2019-08-05 11:04:42,112 INFO 7421 [egg-multipart] stream mode enable
2019-08-05 11:04:42,153 INFO 7421 [egg-static] starting static serve /public/ -> /Users/cvter/Desktop/enow-new-cloud/public
2019-08-05 11:04:42,155 INFO 7421 [egg-security] use csrf middleware
2019-08-05 11:04:42,156 INFO 7421 [egg-security] use methodnoallow middleware
2019-08-05 11:04:42,156 INFO 7421 [egg-security] use noopen middleware
2019-08-05 11:04:42,157 INFO 7421 [egg-security] use nosniff middleware
2019-08-05 11:04:42,157 INFO 7421 [egg-security] use xssProtection middleware
2019-08-05 11:04:42,157 INFO 7421 [egg-security] use xframe middleware
2019-08-05 11:04:42,158 INFO 7421 [egg-security] use dta middleware
2019-08-05 11:04:42,158 INFO 7421 [egg-security] compose 7 middlewares into one security middleware
2019-08-05 11:04:42,167 INFO 7421 [egg:core] dump config after load, 5ms
2019-08-05 11:04:42,180 INFO 7421 [egg-watcher:application] watcher start success
2019-08-05 11:04:42,188 INFO 7421 [egg:core] dump config after ready, 6ms
2019-08-05 11:07:01,083 INFO 7547 [egg:logger] init all loggers with options: {"dir":"/Users/cvter/Desktop/enow-new-cloud/logs","encoding":"utf8","env":"local","level":"INFO","consoleLevel":"DEBUG","disableConsoleAfterReady":false,"outputJSON":false,"buffer":true,"appLogName":"enow-new-cloud-web.log","coreLogName":"egg-web.log","agentLogName":"egg-agent.log","errorLogName":"common-error.log","coreLogger":{"consoleLevel":"WARN"},"allowDebugAtProd":false,"type":"application"}
2019-08-05 11:07:01,111 INFO 7547 [egg-multipart] stream mode enable
2019-08-05 11:07:01,178 INFO 7547 [egg-static] starting static serve /public/ -> /Users/cvter/Desktop/enow-new-cloud/public
2019-08-05 11:07:01,180 INFO 7547 [egg-security] use csrf middleware
2019-08-05 11:07:01,181 INFO 7547 [egg-security] use methodnoallow middleware
2019-08-05 11:07:01,182 INFO 7547 [egg-security] use noopen middleware
2019-08-05 11:07:01,182 INFO 7547 [egg-security] use nosniff middleware
2019-08-05 11:07:01,183 INFO 7547 [egg-security] use xssProtection middleware
2019-08-05 11:07:01,183 INFO 7547 [egg-security] use xframe middleware
2019-08-05 11:07:01,184 INFO 7547 [egg-security] use dta middleware
2019-08-05 11:07:01,184 INFO 7547 [egg-security] compose 7 middlewares into one security middleware
2019-08-05 11:07:01,194 INFO 7547 [egg:core] dump config after load, 5ms
2019-08-05 11:07:01,206 INFO 7547 [egg-watcher:application] watcher start success
2019-08-05 11:07:01,214 INFO 7547 [egg:core] dump config after ready, 6ms
2019-08-05 11:54:41,527 INFO 8226 [egg:logger] init all loggers with options: {"dir":"/Users/cvter/Desktop/enow-new-cloud/logs","encoding":"utf8","env":"local","level":"INFO","consoleLevel":"DEBUG","disableConsoleAfterReady":false,"outputJSON":false,"buffer":true,"appLogName":"enow-new-cloud-web.log","coreLogName":"egg-web.log","agentLogName":"egg-agent.log","errorLogName":"common-error.log","coreLogger":{"consoleLevel":"WARN"},"allowDebugAtProd":false,"type":"application"}
2019-08-05 11:54:41,556 INFO 8226 [egg-multipart] stream mode enable
2019-08-05 11:54:41,633 INFO 8226 [egg-static] starting static serve /public/ -> /Users/cvter/Desktop/enow-new-cloud/public
2019-08-05 11:54:41,636 INFO 8226 [egg-security] use csrf middleware
2019-08-05 11:54:41,637 INFO 8226 [egg-security] use methodnoallow middleware
2019-08-05 11:54:41,637 INFO 8226 [egg-security] use noopen middleware
2019-08-05 11:54:41,638 INFO 8226 [egg-security] use nosniff middleware
2019-08-05 11:54:41,638 INFO 8226 [egg-security] use xssProtection middleware
2019-08-05 11:54:41,639 INFO 8226 [egg-security] use xframe middleware
2019-08-05 11:54:41,639 INFO 8226 [egg-security] use dta middleware
2019-08-05 11:54:41,639 INFO 8226 [egg-security] compose 7 middlewares into one security middleware
2019-08-05 11:54:41,650 INFO 8226 [egg:core] dump config after load, 5ms
2019-08-05 11:54:41,662 INFO 8226 [egg-watcher:application] watcher start success
2019-08-05 11:54:41,671 INFO 8226 [egg:core] dump config after ready, 7ms
2019-08-05 11:55:52,721 INFO 8504 [egg:logger] init all loggers with options: {"dir":"/Users/cvter/Desktop/enow-new-cloud/logs","encoding":"utf8","env":"local","level":"INFO","consoleLevel":"DEBUG","disableConsoleAfterReady":false,"outputJSON":false,"buffer":true,"appLogName":"enow-new-cloud-web.log","coreLogName":"egg-web.log","agentLogName":"egg-agent.log","errorLogName":"common-error.log","coreLogger":{"consoleLevel":"WARN"},"allowDebugAtProd":false,"type":"application"}
2019-08-05 11:55:52,752 INFO 8504 [egg-multipart] stream mode enable
2019-08-05 11:55:52,823 INFO 8504 [egg-static] starting static serve /public/ -> /Users/cvter/Desktop/enow-new-cloud/public
2019-08-05 11:55:52,826 INFO 8504 [egg-security] use csrf middleware
2019-08-05 11:55:52,827 INFO 8504 [egg-security] use methodnoallow middleware
2019-08-05 11:55:52,827 INFO 8504 [egg-security] use noopen middleware
2019-08-05 11:55:52,829 INFO 8504 [egg-security] use nosniff middleware
2019-08-05 11:55:52,830 INFO 8504 [egg-security] use xssProtection middleware
2019-08-05 11:55:52,831 INFO 8504 [egg-security] use xframe middleware
2019-08-05 11:55:52,831 INFO 8504 [egg-security] use dta middleware
2019-08-05 11:55:52,831 INFO 8504 [egg-security] compose 7 middlewares into one security middleware
2019-08-05 11:55:52,843 INFO 8504 [egg:core] dump config after load, 6ms
2019-08-05 11:55:52,857 INFO 8504 [egg-watcher:application] watcher start success
2019-08-05 11:55:52,866 INFO 8504 [egg:core] dump config after ready, 6ms
2019-08-05 11:56:54,121 INFO 8575 [egg:logger] init all loggers with options: {"dir":"/Users/cvter/Desktop/enow-new-cloud/logs","encoding":"utf8","env":"local","level":"INFO","consoleLevel":"DEBUG","disableConsoleAfterReady":false,"outputJSON":false,"buffer":true,"appLogName":"enow-new-cloud-web.log","coreLogName":"egg-web.log","agentLogName":"egg-agent.log","errorLogName":"common-error.log","coreLogger":{"consoleLevel":"WARN"},"allowDebugAtProd":false,"type":"application"}
2019-08-05 11:56:54,148 INFO 8575 [egg-multipart] stream mode enable
2019-08-05 11:56:54,215 INFO 8575 [egg-static] starting static serve /public/ -> /Users/cvter/Desktop/enow-new-cloud/public
2019-08-05 11:56:54,217 INFO 8575 [egg-security] use csrf middleware
2019-08-05 11:56:54,218 INFO 8575 [egg-security] use methodnoallow middleware
2019-08-05 11:56:54,219 INFO 8575 [egg-security] use noopen middleware
2019-08-05 11:56:54,221 INFO 8575 [egg-security] use nosniff middleware
2019-08-05 11:56:54,222 INFO 8575 [egg-security] use xssProtection middleware
2019-08-05 11:56:54,223 INFO 8575 [egg-security] use xframe middleware
2019-08-05 11:56:54,224 INFO 8575 [egg-security] use dta middleware
2019-08-05 11:56:54,224 INFO 8575 [egg-security] compose 7 middlewares into one security middleware
2019-08-05 11:56:54,234 INFO 8575 [egg:core] dump config after load, 5ms
2019-08-05 11:56:54,247 INFO 8575 [egg-watcher:application] watcher start success
2019-08-05 11:56:54,255 INFO 8575 [egg:core] dump config after ready, 6ms
2019-08-05 11:58:45,381 INFO 8638 [egg:logger] init all loggers with options: {"dir":"/Users/cvter/Desktop/enow-new-cloud/logs","encoding":"utf8","env":"local","level":"INFO","consoleLevel":"DEBUG","disableConsoleAfterReady":false,"outputJSON":false,"buffer":true,"appLogName":"enow-new-cloud-web.log","coreLogName":"egg-web.log","agentLogName":"egg-agent.log","errorLogName":"common-error.log","coreLogger":{"consoleLevel":"WARN"},"allowDebugAtProd":false,"type":"application"}
2019-08-05 11:58:45,434 INFO 8638 [egg-multipart] stream mode enable
2019-08-05 11:58:45,521 INFO 8638 [egg-static] starting static serve /public/ -> /Users/cvter/Desktop/enow-new-cloud/public
2019-08-05 11:58:45,523 INFO 8638 [egg-security] use csrf middleware
2019-08-05 11:58:45,524 INFO 8638 [egg-security] use methodnoallow middleware
2019-08-05 11:58:45,525 INFO 8638 [egg-security] use noopen middleware
2019-08-05 11:58:45,526 INFO 8638 [egg-security] use nosniff middleware
2019-08-05 11:58:45,526 INFO 8638 [egg-security] use xssProtection middleware
2019-08-05 11:58:45,527 INFO 8638 [egg-security] use xframe middleware
2019-08-05 11:58:45,527 INFO 8638 [egg-security] use dta middleware
2019-08-05 11:58:45,527 INFO 8638 [egg-security] compose 7 middlewares into one security middleware
2019-08-05 11:58:45,543 INFO 8638 [egg:core] dump config after load, 10ms
2019-08-05 11:58:45,565 INFO 8638 [egg-watcher:application] watcher start success
2019-08-05 11:58:45,574 INFO 8638 [egg:core] dump config after ready, 6ms
2019-08-05 12:57:20,289 INFO 9919 [egg:logger] init all loggers with options: {"dir":"/Users/cvter/Desktop/enow-new-cloud/logs","encoding":"utf8","env":"local","level":"INFO","consoleLevel":"DEBUG","disableConsoleAfterReady":false,"outputJSON":false,"buffer":true,"appLogName":"enow-new-cloud-web.log","coreLogName":"egg-web.log","agentLogName":"egg-agent.log","errorLogName":"common-error.log","coreLogger":{"consoleLevel":"WARN"},"allowDebugAtProd":false,"type":"application"}
2019-08-05 12:57:20,321 INFO 9919 [egg-multipart] stream mode enable
2019-08-05 12:57:20,409 INFO 9919 [egg-static] starting static serve /public/ -> /Users/cvter/Desktop/enow-new-cloud/public
2019-08-05 12:57:20,413 INFO 9919 [egg-security] use csrf middleware
2019-08-05 12:57:20,414 INFO 9919 [egg-security] use methodnoallow middleware
2019-08-05 12:57:20,415 INFO 9919 [egg-security] use noopen middleware
2019-08-05 12:57:20,415 INFO 9919 [egg-security] use nosniff middleware
2019-08-05 12:57:20,416 INFO 9919 [egg-security] use xssProtection middleware
2019-08-05 12:57:20,416 INFO 9919 [egg-security] use xframe middleware
2019-08-05 12:57:20,417 INFO 9919 [egg-security] use dta middleware
2019-08-05 12:57:20,417 INFO 9919 [egg-security] compose 7 middlewares into one security middleware
2019-08-05 12:57:20,429 INFO 9919 [egg:core] dump config after load, 7ms
2019-08-05 12:57:20,446 INFO 9919 [egg-watcher:application] watcher start success
2019-08-05 12:57:20,458 INFO 9919 [egg:core] dump config after ready, 7ms
2019-08-05 16:31:30,066 INFO 13615 [egg:logger] init all loggers with options: {"dir":"/Users/cvter/Desktop/enow-new-cloud/logs","encoding":"utf8","env":"local","level":"INFO","consoleLevel":"DEBUG","disableConsoleAfterReady":false,"outputJSON":false,"buffer":true,"appLogName":"enow-new-cloud-web.log","coreLogName":"egg-web.log","agentLogName":"egg-agent.log","errorLogName":"common-error.log","coreLogger":{"consoleLevel":"WARN"},"allowDebugAtProd":false,"type":"application"}
2019-08-05 16:31:30,095 INFO 13615 [egg-multipart] stream mode enable
2019-08-05 16:31:30,163 INFO 13615 [egg-static] starting static serve /public/ -> /Users/cvter/Desktop/enow-new-cloud/public
2019-08-05 16:31:30,166 INFO 13615 [egg-security] use csrf middleware
2019-08-05 16:31:30,167 INFO 13615 [egg-security] use methodnoallow middleware
2019-08-05 16:31:30,167 INFO 13615 [egg-security] use noopen middleware
2019-08-05 16:31:30,168 INFO 13615 [egg-security] use nosniff middleware
2019-08-05 16:31:30,169 INFO 13615 [egg-security] use xssProtection middleware
2019-08-05 16:31:30,169 INFO 13615 [egg-security] use xframe middleware
2019-08-05 16:31:30,170 INFO 13615 [egg-security] use dta middleware
2019-08-05 16:31:30,170 INFO 13615 [egg-security] compose 7 middlewares into one security middleware
2019-08-05 16:31:30,180 INFO 13615 [egg:core] dump config after load, 5ms
2019-08-05 16:31:30,193 INFO 13615 [egg-watcher:application] watcher start success
2019-08-05 16:31:30,201 INFO 13615 [egg:core] dump config after ready, 6ms
2019-08-05 17:23:09,640 INFO 14851 [egg:logger] init all loggers with options: {"dir":"/Users/cvter/Desktop/enow-new-cloud/logs","encoding":"utf8","env":"local","level":"INFO","consoleLevel":"DEBUG","disableConsoleAfterReady":false,"outputJSON":false,"buffer":true,"appLogName":"enow-new-cloud-web.log","coreLogName":"egg-web.log","agentLogName":"egg-agent.log","errorLogName":"common-error.log","coreLogger":{"consoleLevel":"WARN"},"allowDebugAtProd":false,"type":"application"}
2019-08-05 17:23:09,675 INFO 14851 [egg-multipart] stream mode enable
2019-08-05 17:23:09,764 INFO 14851 [egg-static] starting static serve /public/ -> /Users/cvter/Desktop/enow-new-cloud/public
2019-08-05 17:23:09,766 INFO 14851 [egg-security] use csrf middleware
2019-08-05 17:23:09,767 INFO 14851 [egg-security] use methodnoallow middleware
2019-08-05 17:23:09,768 INFO 14851 [egg-security] use noopen middleware
2019-08-05 17:23:09,769 INFO 14851 [egg-security] use nosniff middleware
2019-08-05 17:23:09,769 INFO 14851 [egg-security] use xssProtection middleware
2019-08-05 17:23:09,770 INFO 14851 [egg-security] use xframe middleware
2019-08-05 17:23:09,770 INFO 14851 [egg-security] use dta middleware
2019-08-05 17:23:09,770 INFO 14851 [egg-security] compose 7 middlewares into one security middleware
2019-08-05 17:23:09,780 INFO 14851 [egg:core] dump config after load, 5ms
2019-08-05 17:23:09,796 INFO 14851 [egg-watcher:application] watcher start success
2019-08-05 17:23:09,807 INFO 14851 [egg:core] dump config after ready, 8ms
2019-08-06 16:07:43,282 INFO 3857 [egg:logger] init all loggers with options: {"dir":"/Users/cvter/Desktop/enow-new-cloud/logs","encoding":"utf8","env":"local","level":"INFO","consoleLevel":"DEBUG","disableConsoleAfterReady":false,"outputJSON":false,"buffer":true,"appLogName":"enow-new-cloud-web.log","coreLogName":"egg-web.log","agentLogName":"egg-agent.log","errorLogName":"common-error.log","coreLogger":{"consoleLevel":"WARN"},"allowDebugAtProd":false,"type":"application"}
2019-08-06 16:07:43,311 INFO 3857 [egg-multipart] stream mode enable
2019-08-06 16:07:46,355 INFO 3857 [egg-static] starting static serve /public/ -> /Users/cvter/Desktop/enow-new-cloud/public
2019-08-06 16:07:46,360 INFO 3857 [egg-security] use csrf middleware
2019-08-06 16:07:46,361 INFO 3857 [egg-security] use methodnoallow middleware
2019-08-06 16:07:46,361 INFO 3857 [egg-security] use noopen middleware
2019-08-06 16:07:46,363 INFO 3857 [egg-security] use nosniff middleware
2019-08-06 16:07:46,363 INFO 3857 [egg-security] use xssProtection middleware
2019-08-06 16:07:46,364 INFO 3857 [egg-security] use xframe middleware
2019-08-06 16:07:46,365 INFO 3857 [egg-security] use dta middleware
2019-08-06 16:07:46,365 INFO 3857 [egg-security] compose 7 middlewares into one security middleware
2019-08-06 16:07:46,427 INFO 3857 [egg:core] dump config after load, 5ms
2019-08-06 16:07:46,446 INFO 3857 [egg-watcher:application] watcher start success
2019-08-06 16:07:46,455 INFO 3857 [egg:core] dump config after ready, 6ms
2019-08-06 16:41:44,492 INFO 4604 [egg:logger] init all loggers with options: {"dir":"/Users/cvter/Desktop/enow-new-cloud/logs","encoding":"utf8","env":"local","level":"INFO","consoleLevel":"DEBUG","disableConsoleAfterReady":false,"outputJSON":false,"buffer":true,"appLogName":"enow-new-cloud-web.log","coreLogName":"egg-web.log","agentLogName":"egg-agent.log","errorLogName":"common-error.log","coreLogger":{"consoleLevel":"WARN"},"allowDebugAtProd":false,"type":"application"}
2019-08-06 16:41:44,549 INFO 4604 [egg-multipart] stream mode enable
2019-08-06 16:41:44,678 INFO 4604 [egg-static] starting static serve /public/ -> /Users/cvter/Desktop/enow-new-cloud/public
2019-08-06 16:41:44,683 INFO 4604 [egg-security] use csrf middleware
2019-08-06 16:41:44,685 INFO 4604 [egg-security] use methodnoallow middleware
2019-08-06 16:41:44,685 INFO 4604 [egg-security] use noopen middleware
2019-08-06 16:41:44,688 INFO 4604 [egg-security] use nosniff middleware
2019-08-06 16:41:44,689 INFO 4604 [egg-security] use xssProtection middleware
2019-08-06 16:41:44,690 INFO 4604 [egg-security] use xframe middleware
2019-08-06 16:41:44,692 INFO 4604 [egg-security] use dta middleware
2019-08-06 16:41:44,693 INFO 4604 [egg-security] compose 7 middlewares into one security middleware
2019-08-06 16:41:44,711 INFO 4604 [egg:core] dump config after load, 8ms
2019-08-06 16:41:44,741 INFO 4604 [egg-watcher:application] watcher start success
2019-08-06 16:41:44,767 INFO 4604 [egg:core] dump config after ready, 22ms
2019-08-07 09:05:19,382 INFO 8305 [egg:logger] init all loggers with options: {"dir":"/Users/cvter/Desktop/enow-new-cloud/logs","encoding":"utf8","env":"local","level":"INFO","consoleLevel":"DEBUG","disableConsoleAfterReady":false,"outputJSON":false,"buffer":true,"appLogName":"enow-new-cloud-web.log","coreLogName":"egg-web.log","agentLogName":"egg-agent.log","errorLogName":"common-error.log","coreLogger":{"consoleLevel":"WARN"},"allowDebugAtProd":false,"type":"application"}
2019-08-07 09:05:19,422 INFO 8305 [egg-multipart] stream mode enable
2019-08-07 09:05:19,525 INFO 8305 [egg-static] starting static serve /public/ -> /Users/cvter/Desktop/enow-new-cloud/public
2019-08-07 09:05:19,529 INFO 8305 [egg-security] use csrf middleware
2019-08-07 09:05:19,530 INFO 8305 [egg-security] use methodnoallow middleware
2019-08-07 09:05:19,531 INFO 8305 [egg-security] use noopen middleware
2019-08-07 09:05:19,532 INFO 8305 [egg-security] use nosniff middleware
2019-08-07 09:05:19,534 INFO 8305 [egg-security] use xssProtection middleware
2019-08-07 09:05:19,536 INFO 8305 [egg-security] use xframe middleware
2019-08-07 09:05:19,537 INFO 8305 [egg-security] use dta middleware
2019-08-07 09:05:19,537 INFO 8305 [egg-security] compose 7 middlewares into one security middleware
2019-08-07 09:05:19,550 INFO 8305 [egg:core] dump config after load, 7ms
2019-08-07 09:05:19,588 INFO 8305 [egg-watcher:application] watcher start success
2019-08-07 09:05:19,609 INFO 8305 [egg:core] dump config after ready, 14ms
2019-08-07 10:42:58,841 INFO 10730 [egg:logger] init all loggers with options: {"dir":"/Users/cvter/Desktop/enow-new-cloud/logs","encoding":"utf8","env":"local","level":"INFO","consoleLevel":"DEBUG","disableConsoleAfterReady":false,"outputJSON":false,"buffer":true,"appLogName":"enow-new-cloud-web.log","coreLogName":"egg-web.log","agentLogName":"egg-agent.log","errorLogName":"common-error.log","coreLogger":{"consoleLevel":"WARN"},"allowDebugAtProd":false,"type":"application"}
2019-08-07 10:42:58,869 INFO 10730 [egg-multipart] stream mode enable
2019-08-07 10:42:58,944 INFO 10730 [egg-static] starting static serve /public/ -> /Users/cvter/Desktop/enow-new-cloud/public
2019-08-07 10:42:58,946 INFO 10730 [egg-security] use csrf middleware
2019-08-07 10:42:58,947 INFO 10730 [egg-security] use methodnoallow middleware
2019-08-07 10:42:58,948 INFO 10730 [egg-security] use noopen middleware
2019-08-07 10:42:58,948 INFO 10730 [egg-security] use nosniff middleware
2019-08-07 10:42:58,949 INFO 10730 [egg-security] use xssProtection middleware
2019-08-07 10:42:58,949 INFO 10730 [egg-security] use xframe middleware
2019-08-07 10:42:58,950 INFO 10730 [egg-security] use dta middleware
2019-08-07 10:42:58,950 INFO 10730 [egg-security] compose 7 middlewares into one security middleware
2019-08-07 10:42:58,960 INFO 10730 [egg:core] dump config after load, 5ms
2019-08-07 10:42:58,975 INFO 10730 [egg-watcher:application] watcher start success
2019-08-07 10:42:58,984 INFO 10730 [egg:core] dump config after ready, 7ms
2019-08-07 10:54:52,634 INFO 11288 [egg:logger] init all loggers with options: {"dir":"/Users/cvter/Desktop/enow-new-cloud/logs","encoding":"utf8","env":"local","level":"INFO","consoleLevel":"DEBUG","disableConsoleAfterReady":false,"outputJSON":false,"buffer":true,"appLogName":"enow-new-cloud-web.log","coreLogName":"egg-web.log","agentLogName":"egg-agent.log","errorLogName":"common-error.log","coreLogger":{"consoleLevel":"WARN"},"allowDebugAtProd":false,"type":"application"}
2019-08-07 10:54:52,666 INFO 11288 [egg-multipart] stream mode enable
2019-08-07 10:54:52,975 INFO 11288 [egg-static] starting static serve /public/ -> /Users/cvter/Desktop/enow-new-cloud/public
2019-08-07 10:54:52,984 INFO 11288 [egg-security] use csrf middleware
2019-08-07 10:54:52,986 INFO 11288 [egg-security] use methodnoallow middleware
2019-08-07 10:54:52,987 INFO 11288 [egg-security] use noopen middleware
2019-08-07 10:54:52,988 INFO 11288 [egg-security] use nosniff middleware
2019-08-07 10:54:52,988 INFO 11288 [egg-security] use xssProtection middleware
2019-08-07 10:54:52,989 INFO 11288 [egg-security] use xframe middleware
2019-08-07 10:54:52,989 INFO 11288 [egg-security] use dta middleware
2019-08-07 10:54:52,989 INFO 11288 [egg-security] compose 7 middlewares into one security middleware
2019-08-07 10:54:53,001 INFO 11288 [egg:core] dump config after load, 7ms
2019-08-07 10:54:53,017 INFO 11288 [egg-watcher:application] watcher start success
2019-08-07 10:54:53,026 INFO 11288 [egg:core] dump config after ready, 7ms
2019-08-07 12:39:28,277 WARN 11288 [ClusterClient:Watcher] follower closed, and try to init it again
2019-08-07 13:00:36,353 WARN 11288 [ClusterClient:Watcher] follower closed, and try to init it again
2019-08-07 13:28:46,726 INFO 13270 [egg:logger] init all loggers with options: {"dir":"/Users/cvter/Desktop/enow-new-cloud/logs","encoding":"utf8","env":"local","level":"INFO","consoleLevel":"DEBUG","disableConsoleAfterReady":false,"outputJSON":false,"buffer":true,"appLogName":"enow-new-cloud-web.log","coreLogName":"egg-web.log","agentLogName":"egg-agent.log","errorLogName":"common-error.log","coreLogger":{"consoleLevel":"WARN"},"allowDebugAtProd":false,"type":"application"}
2019-08-07 13:28:46,815 INFO 13270 [egg-multipart] stream mode enable
2019-08-07 13:28:46,934 INFO 13270 [egg-static] starting static serve /public/ -> /Users/cvter/Desktop/enow-new-cloud/public
2019-08-07 13:28:46,945 INFO 13270 [egg-security] use csrf middleware
2019-08-07 13:28:46,946 INFO 13270 [egg-security] use methodnoallow middleware
2019-08-07 13:28:46,946 INFO 13270 [egg-security] use noopen middleware
2019-08-07 13:28:46,948 INFO 13270 [egg-security] use nosniff middleware
2019-08-07 13:28:46,949 INFO 13270 [egg-security] use xssProtection middleware
2019-08-07 13:28:46,949 INFO 13270 [egg-security] use xframe middleware
2019-08-07 13:28:46,950 INFO 13270 [egg-security] use dta middleware
2019-08-07 13:28:46,950 INFO 13270 [egg-security] compose 7 middlewares into one security middleware
2019-08-07 13:28:46,965 INFO 13270 [egg:core] dump config after load, 6ms
2019-08-07 13:28:46,986 INFO 13270 [egg-watcher:application] watcher start success
2019-08-07 13:28:46,995 INFO 13270 [egg:core] dump config after ready, 7ms
2019-08-07 16:50:37,896 INFO 16786 [egg:logger] init all loggers with options: {"dir":"/Users/cvter/Desktop/enow-new-cloud/logs","encoding":"utf8","env":"local","level":"INFO","consoleLevel":"DEBUG","disableConsoleAfterReady":false,"outputJSON":false,"buffer":true,"appLogName":"enow-new-cloud-web.log","coreLogName":"egg-web.log","agentLogName":"egg-agent.log","errorLogName":"common-error.log","coreLogger":{"consoleLevel":"WARN"},"allowDebugAtProd":false,"type":"application"}
2019-08-07 16:50:37,927 INFO 16786 [egg-multipart] stream mode enable
2019-08-07 16:50:38,008 INFO 16786 [egg-static] starting static serve /public/ -> /Users/cvter/Desktop/enow-new-cloud/public
2019-08-07 16:50:38,011 INFO 16786 [egg-security] use csrf middleware
2019-08-07 16:50:38,012 INFO 16786 [egg-security] use methodnoallow middleware
2019-08-07 16:50:38,012 INFO 16786 [egg-security] use noopen middleware
2019-08-07 16:50:38,014 INFO 16786 [egg-security] use nosniff middleware
2019-08-07 16:50:38,015 INFO 16786 [egg-security] use xssProtection middleware
2019-08-07 16:50:38,015 INFO 16786 [egg-security] use xframe middleware
2019-08-07 16:50:38,016 INFO 16786 [egg-security] use dta middleware
2019-08-07 16:50:38,016 INFO 16786 [egg-security] compose 7 middlewares into one security middleware
2019-08-07 16:50:38,026 INFO 16786 [egg:core] dump config after load, 5ms
2019-08-07 16:50:38,040 INFO 16786 [egg-watcher:application] watcher start success
2019-08-07 16:50:38,051 INFO 16786 [egg:core] dump config after ready, 9ms
2019-08-07 23:27:40,568 INFO 19133 [egg:logger] init all loggers with options: {"dir":"/Users/cvter/Desktop/enow-new-cloud/logs","encoding":"utf8","env":"local","level":"INFO","consoleLevel":"DEBUG","disableConsoleAfterReady":false,"outputJSON":false,"buffer":true,"appLogName":"enow-new-cloud-web.log","coreLogName":"egg-web.log","agentLogName":"egg-agent.log","errorLogName":"common-error.log","coreLogger":{"consoleLevel":"WARN"},"allowDebugAtProd":false,"type":"application"}
2019-08-07 23:27:40,647 INFO 19133 [egg-multipart] stream mode enable
2019-08-07 23:27:40,827 INFO 19133 [egg-static] starting static serve /public/ -> /Users/cvter/Desktop/enow-new-cloud/public
2019-08-07 23:27:40,832 INFO 19133 [egg-security] use csrf middleware
2019-08-07 23:27:40,833 INFO 19133 [egg-security] use methodnoallow middleware
2019-08-07 23:27:40,837 INFO 19133 [egg-security] use noopen middleware
2019-08-07 23:27:40,847 INFO 19133 [egg-security] use nosniff middleware
2019-08-07 23:27:40,848 INFO 19133 [egg-security] use xssProtection middleware
2019-08-07 23:27:40,848 INFO 19133 [egg-security] use xframe middleware
2019-08-07 23:27:40,849 INFO 19133 [egg-security] use dta middleware
2019-08-07 23:27:40,849 INFO 19133 [egg-security] compose 7 middlewares into one security middleware
2019-08-07 23:27:40,865 INFO 19133 [egg:core] dump config after load, 7ms
2019-08-07 23:27:40,906 INFO 19133 [egg-watcher:application] watcher start success
2019-08-07 23:27:40,919 INFO 19133 [egg:core] dump config after ready, 10ms
2019-08-08 08:46:22,774 WARN 19133 [ClusterClient:Watcher] follower closed, and try to init it again
2019-08-08 08:50:00,710 INFO 19279 [egg:logger] init all loggers with options: {"dir":"/Users/cvter/Desktop/enow-new-cloud/logs","encoding":"utf8","env":"local","level":"INFO","consoleLevel":"DEBUG","disableConsoleAfterReady":false,"outputJSON":false,"buffer":true,"appLogName":"enow-new-cloud-web.log","coreLogName":"egg-web.log","agentLogName":"egg-agent.log","errorLogName":"common-error.log","coreLogger":{"consoleLevel":"WARN"},"allowDebugAtProd":false,"type":"application"}
2019-08-08 08:50:00,749 INFO 19279 [egg-multipart] stream mode enable
2019-08-08 08:50:00,927 INFO 19279 [egg-static] starting static serve /public/ -> /Users/cvter/Desktop/enow-new-cloud/public
2019-08-08 08:50:00,929 INFO 19279 [egg-security] use csrf middleware
2019-08-08 08:50:00,930 INFO 19279 [egg-security] use methodnoallow middleware
2019-08-08 08:50:00,931 INFO 19279 [egg-security] use noopen middleware
2019-08-08 08:50:00,931 INFO 19279 [egg-security] use nosniff middleware
2019-08-08 08:50:00,932 INFO 19279 [egg-security] use xssProtection middleware
2019-08-08 08:50:00,933 INFO 19279 [egg-security] use xframe middleware
2019-08-08 08:50:00,933 INFO 19279 [egg-security] use dta middleware
2019-08-08 08:50:00,933 INFO 19279 [egg-security] compose 7 middlewares into one security middleware
2019-08-08 08:50:00,949 INFO 19279 [egg:core] dump config after load, 5ms
2019-08-08 08:50:00,969 INFO 19279 [egg-watcher:application] watcher start success
2019-08-08 08:50:00,985 INFO 19279 [egg:core] dump config after ready, 7ms
